# JRE version: OpenJDK Runtime Environment Corretto-17.0.5.8.1 (17.0.5+8) (build 17.0.5+8-LTS)
# Java VM: OpenJDK 64-Bit Server VM Corretto-17.0.5.8.1 (17.0.5+8-LTS, mixed mode, emulated-client, sharing, tiered, compressed oops, compressed class ptrs, g1 gc, linux-amd64)
Heap:
 garbage-first heap   total 114688K, used 41797K [0x0000000747400000, 0x0000000800000000)
  region size 2048K, 13 young (26624K), 1 survivors (2048K)
 Metaspace       used 33862K, committed 34240K, reserved 1081344K
  class space    used 4790K, committed 4992K, reserved 1048576K
GC Heap History (18 events):
Event: 0.828 GC heap before
{Heap before GC invocations=0 (full 0):
 garbage-first heap   total 194560K, used 12256K [0x0000000747400000, 0x0000000800000000)
  region size 2048K, 6 young (12288K), 0 survivors (0K)
 Metaspace       used 5527K, committed 5696K, reserved 1056768K
  class space    used 673K, committed 768K, reserved 1048576K
}
Event: 0.836 GC heap after
{Heap after GC invocations=1 (full 0):
 garbage-first heap   total 194560K, used 7021K [0x0000000747400000, 0x0000000800000000)
  region size 2048K, 1 young (2048K), 1 survivors (2048K)
 Metaspace       used 5527K, committed 5696K, reserved 1056768K
  class space    used 673K, committed 768K, reserved 1048576K
}
Event: 1.141 GC heap before
{Heap before GC invocations=1 (full 0):
 garbage-first heap   total 194560K, used 15213K [0x0000000747400000, 0x0000000800000000)
  region size 2048K, 5 young (10240K), 1 survivors (2048K)
 Metaspace       used 7741K, committed 7936K, reserved 1056768K
  class space    used 985K, committed 1088K, reserved 1048576K
}
Event: 1.151 GC heap after
{Heap after GC invocations=2 (full 0):
 garbage-first heap   total 194560K, used 7735K [0x0000000747400000, 0x0000000800000000)
  region size 2048K, 1 young (2048K), 1 survivors (2048K)
 Metaspace       used 7741K, committed 7936K, reserved 1056768K
  class space    used 985K, committed 1088K, reserved 1048576K
}
Event: 1.662 GC heap before
{Heap before GC invocations=2 (full 0):
 garbage-first heap   total 194560K, used 30263K [0x0000000747400000, 0x0000000800000000)
  region size 2048K, 13 young (26624K), 1 survivors (2048K)
 Metaspace       used 13754K, committed 13952K, reserved 1064960K
  class space    used 1812K, committed 1920K, reserved 1048576K
}
Event: 1.668 GC heap after
{Heap after GC invocations=3 (full 0):
 garbage-first heap   total 194560K, used 9488K [0x0000000747400000, 0x0000000800000000)
  region size 2048K, 2 young (4096K), 2 survivors (4096K)
 Metaspace       used 13754K, committed 13952K, reserved 1064960K
  class space    used 1812K, committed 1920K, reserved 1048576K
}
Event: 2.575 GC heap before
{Heap before GC invocations=3 (full 0):
 garbage-first heap   total 194560K, used 56592K [0x0000000747400000, 0x0000000800000000)
  region size 2048K, 26 young (53248K), 2 survivors (4096K)
 Metaspace       used 21273K, committed 21504K, reserved 1073152K
  class space    used 2892K, committed 3008K, reserved 1048576K
}
Event: 2.587 GC heap after
{Heap after GC invocations=4 (full 0):
 garbage-first heap   total 194560K, used 12397K [0x0000000747400000, 0x0000000800000000)
  region size 2048K, 3 young (6144K), 3 survivors (6144K)
 Metaspace       used 21273K, committed 21504K, reserved 1073152K
  class space    used 2892K, committed 3008K, reserved 1048576K
}
Event: 3.149 GC heap before
{Heap before GC invocations=5 (full 0):
 garbage-first heap   total 61440K, used 45165K [0x0000000747400000, 0x0000000800000000)
  region size 2048K, 20 young (40960K), 3 survivors (6144K)
 Metaspace       used 27612K, committed 27968K, reserved 1081344K
  class space    used 3800K, committed 3968K, reserved 1048576K
}
Event: 3.160 GC heap after
{Heap after GC invocations=6 (full 0):
 garbage-first heap   total 61440K, used 15470K [0x0000000747400000, 0x0000000800000000)
  region size 2048K, 5 young (10240K), 5 survivors (10240K)
 Metaspace       used 27612K, committed 27968K, reserved 1081344K
  class space    used 3800K, committed 3968K, reserved 1048576K
}
Event: 3.191 GC heap before
{Heap before GC invocations=6 (full 0):
 garbage-first heap   total 61440K, used 15470K [0x0000000747400000, 0x0000000800000000)
  region size 2048K, 6 young (12288K), 5 survivors (10240K)
 Metaspace       used 28289K, committed 28608K, reserved 1081344K
  class space    used 3906K, committed 4032K, reserved 1048576K
}
Event: 3.201 GC heap after
{Heap after GC invocations=7 (full 0):
 garbage-first heap   total 61440K, used 16400K [0x0000000747400000, 0x0000000800000000)
  region size 2048K, 1 young (2048K), 1 survivors (2048K)
 Metaspace       used 28289K, committed 28608K, reserved 1081344K
  class space    used 3906K, committed 4032K, reserved 1048576K
}
Event: 3.608 GC heap before
{Heap before GC invocations=7 (full 0):
 garbage-first heap   total 61440K, used 40976K [0x0000000747400000, 0x0000000800000000)
  region size 2048K, 13 young (26624K), 1 survivors (2048K)
 Metaspace       used 32353K, committed 32768K, reserved 1081344K
  class space    used 4574K, committed 4800K, reserved 1048576K
}
Event: 3.613 GC heap after
{Heap after GC invocations=8 (full 0):
 garbage-first heap   total 114688K, used 18326K [0x0000000747400000, 0x0000000800000000)
  region size 2048K, 2 young (4096K), 2 survivors (4096K)
 Metaspace       used 32353K, committed 32768K, reserved 1081344K
  class space    used 4574K, committed 4800K, reserved 1048576K
}
Event: 13075.528 GC heap before
{Heap before GC invocations=8 (full 0):
 garbage-first heap   total 114688K, used 77718K [0x0000000747400000, 0x0000000800000000)
  region size 2048K, 31 young (63488K), 2 survivors (4096K)
 Metaspace       used 33862K, committed 34240K, reserved 1081344K
  class space    used 4790K, committed 4992K, reserved 1048576K
}
Event: 13076.005 GC heap after
{Heap after GC invocations=9 (full 0):
 garbage-first heap   total 114688K, used 18974K [0x0000000747400000, 0x0000000800000000)
  region size 2048K, 2 young (4096K), 2 survivors (4096K)
 Metaspace       used 33862K, committed 34240K, reserved 1081344K
  class space    used 4790K, committed 4992K, reserved 1048576K
}
Event: 15516.894 GC heap before
{Heap before GC invocations=9 (full 0):
 garbage-first heap   total 114688K, used 27166K [0x0000000747400000, 0x0000000800000000)
  region size 2048K, 6 young (12288K), 2 survivors (4096K)
 Metaspace       used 33862K, committed 34240K, reserved 1081344K
  class space    used 4790K, committed 4992K, reserved 1048576K
}
Event: 15516.919 GC heap after
{Heap after GC invocations=10 (full 0):
 garbage-first heap   total 114688K, used 18866K [0x0000000747400000, 0x0000000800000000)
  region size 2048K, 1 young (2048K), 1 survivors (2048K)
 Metaspace       used 33862K, committed 34240K, reserved 1081344K
  class space    used 4790K, committed 4992K, reserved 1048576K
}

